<?xml version="1.0" encoding="UTF-8"?>
<!-- Generated by org.testng.reporters.JUnitXMLReporter -->
<testsuite ignored="0" hostname="DESKTOP-H8P2PDB" failures="3" tests="5" name="Test" time="98.799" errors="0" timestamp="2025-01-31T16:19:58 IST">
  <testcase classname="testCases.TC003_TDD_Login_OrangeHRM" name="verify_login_is_successful" time="15.647"/>
  <testcase classname="testCases.TC003_TDD_Login_OrangeHRM" name="verify_login_is_successful" time="14.265"/>
  <testcase classname="testCases.TC003_TDD_Login_OrangeHRM" name="verify_login_is_successful" time="21.366">
    <failure type="java.lang.AssertionError" message="null">
      <![CDATA[java.lang.AssertionError: null
at testCases.TC003_TDD_Login_OrangeHRM.verify_login_is_successful(TC003_TDD_Login_OrangeHRM.java:68)
at java.base/java.util.ArrayList.forEach(ArrayList.java:1596)
... Removed 27 stack frames]]>
    </failure>
  </testcase> <!-- verify_login_is_successful -->
  <testcase classname="testCases.TC003_TDD_Login_OrangeHRM" name="verify_login_is_successful" time="21.604">
    <failure type="java.lang.AssertionError" message="null">
      <![CDATA[java.lang.AssertionError: null
at testCases.TC003_TDD_Login_OrangeHRM.verify_login_is_successful(TC003_TDD_Login_OrangeHRM.java:68)
at java.base/java.util.ArrayList.forEach(ArrayList.java:1596)
... Removed 27 stack frames]]>
    </failure>
  </testcase> <!-- verify_login_is_successful -->
  <testcase classname="testCases.TC003_TDD_Login_OrangeHRM" name="verify_login_is_successful" time="20.591">
    <failure type="java.lang.AssertionError" message="null">
      <![CDATA[java.lang.AssertionError: null
at testCases.TC003_TDD_Login_OrangeHRM.verify_login_is_successful(TC003_TDD_Login_OrangeHRM.java:68)
at java.base/java.util.ArrayList.forEach(ArrayList.java:1596)
... Removed 27 stack frames]]>
    </failure>
  </testcase> <!-- verify_login_is_successful -->
</testsuite> <!-- Test -->
