<?xml version="1.0" encoding="UTF-8"?>
<!-- Generated by org.testng.reporters.JUnitXMLReporter -->
<testsuite ignored="1" hostname="DESKTOP-H8P2PDB" failures="0" tests="2" name="Test" time="14.296" errors="0" timestamp="2025-01-30T19:34:28 IST">
  <testcase classname="testCases.TC002_Logout_Application" name="verify_login_is_successful" time="1.106"/>
  <testcase classname="testCases.TC002_Logout_Application" name="logout_application" time="5.343"/>
  <testcase classname="testCases.TC001_Login_Amazon_Account" name="verify_login_is_successful" time="0.0">
    <ignored/>
  </testcase> <!-- verify_login_is_successful -->
</testsuite> <!-- Test -->
