<?xml version="1.0" encoding="UTF-8"?>
<testng-results ignored="0" total="2" passed="2" failed="0" skipped="0">
  <reporter-output>
  </reporter-output>
  <suite started-at="2025-01-31T14:21:23 IST" name="Suite" finished-at="2025-01-31T14:21:34 IST" duration-ms="10818">
    <groups>
      <group name="sanity">
        <method signature="TC002_Logout_Application.verify_login_is_successful()[pri:0, instance:testCases.TC002_Logout_Application@74589991]" name="verify_login_is_successful" class="testCases.TC002_Logout_Application"/>
        <method signature="TC002_Logout_Application.logout_application()[pri:2, instance:testCases.TC002_Logout_Application@74589991]" name="logout_application" class="testCases.TC002_Logout_Application"/>
      </group> <!-- sanity -->
    </groups>
    <test started-at="2025-01-31T14:21:23 IST" name="Test" finished-at="2025-01-31T14:21:34 IST" duration-ms="10818">
      <class name="testCases.TC002_Logout_Application">
        <test-method is-config="true" signature="setup(java.lang.String,java.lang.String)[pri:0, instance:testCases.TC002_Logout_Application@74589991]" started-at="2025-01-31T14:21:23 IST" name="setup" finished-at="2025-01-31T14:21:28 IST" duration-ms="4999" status="PASS">
          <params>
            <param index="0">
              <value>
                <![CDATA[windows]]>
              </value>
            </param>
            <param index="1">
              <value>
                <![CDATA[chrome]]>
              </value>
            </param>
          </params>
          <reporter-output>
          </reporter-output>
        </test-method> <!-- setup -->
        <test-method signature="verify_login_is_successful()[pri:0, instance:testCases.TC002_Logout_Application@74589991]" started-at="2025-01-31T14:21:28 IST" name="verify_login_is_successful" finished-at="2025-01-31T14:21:31 IST" duration-ms="2688" status="PASS">
          <reporter-output>
          </reporter-output>
        </test-method> <!-- verify_login_is_successful -->
        <test-method signature="logout_application()[pri:2, instance:testCases.TC002_Logout_Application@74589991]" started-at="2025-01-31T14:21:31 IST" name="logout_application" finished-at="2025-01-31T14:21:34 IST" duration-ms="2848" status="PASS">
          <reporter-output>
          </reporter-output>
        </test-method> <!-- logout_application -->
        <test-method is-config="true" signature="tearDown()[pri:0, instance:testCases.TC002_Logout_Application@74589991]" started-at="2025-01-31T14:21:34 IST" name="tearDown" finished-at="2025-01-31T14:21:34 IST" duration-ms="233" status="PASS">
          <reporter-output>
          </reporter-output>
        </test-method> <!-- tearDown -->
      </class> <!-- testCases.TC002_Logout_Application -->
    </test> <!-- Test -->
  </suite> <!-- Suite -->
</testng-results>
